#
# A fatal error has been detected by the Java Runtime Environment:
#
#  Internal Error (safepoint.cpp:716), pid=9828, tid=0x000000000000732b
#  fatal error: Illegal threadstate encountered: 4
#
# JRE version: Java(TM) SE Runtime Environment (8.0_301-b09) (build 1.8.0_301-b09)
# Java VM: Java HotSpot(TM) 64-Bit Server VM (25.301-b09 mixed mode bsd-amd64 compressed oops)
# Failed to write core dump. Core dumps have been disabled. To enable core dumping, try "ulimit -c unlimited" before starting Java again
#
# If you would like to submit a bug report, please visit:
#   http://bugreport.java.com/bugreport/crash.jsp
# The crash happened outside the Java Virtual Machine in native code.
# See problematic frame for where to report the bug.
#

---------------  T H R E A D  ---------------

Current thread (0x00007fb63584e800):  JavaThread "Thread-2" daemon [_thread_in_native, id=29483, stack(0x000000030ed7b000,0x000000030ee7b000)]

Stack: [0x000000030ed7b000,0x000000030ee7b000],  sp=0x000000030ee79f90,  free space=1019k
Native frames: (J=compiled Java code, j=interpreted, Vv=VM code, C=native code)
V  [libjvm.dylib+0x59b49f]
V  [libjvm.dylib+0x1d377f]
V  [libjvm.dylib+0x4e7817]
V  [libjvm.dylib+0x561d2f]
V  [libjvm.dylib+0x2fd88e]
C  [libglass.dylib+0x8868]  -[GlassRunnable dealloc]+0x28
C  [Foundation+0x80e9b]  -[_NSThreadPerformInfo dealloc]+0x2a
C  [Foundation+0x4dcc7]  -[NSObject(NSThreadPerformAdditions) performSelectorOnMainThread:withObject:waitUntilDone:]+0x7c
J 3852  com.sun.glass.ui.mac.MacApplication._submitForLaterInvocation(Ljava/lang/Runnable;)V (0 bytes) @ 0x00000001107a5cfc [0x00000001107a5c40+0xbc]
J 7278% C2 com.sun.glass.ui.InvokeLaterDispatcher.run()V (153 bytes) @ 0x0000000110e01bfc [0x0000000110e01a60+0x19c]
v  ~StubRoutines::call_stub
V  [libjvm.dylib+0x2d63b3]
V  [libjvm.dylib+0x2d5216]
V  [libjvm.dylib+0x2d53f7]
V  [libjvm.dylib+0x3426e9]
V  [libjvm.dylib+0x56057a]
V  [libjvm.dylib+0x56043f]
V  [libjvm.dylib+0x48d62b]
C  [libsystem_pthread.dylib+0x64f4]  _pthread_start+0x7d
C  [libsystem_pthread.dylib+0x200f]  thread_start+0xf
C  0x0000000000000000

Java frames: (J=compiled Java code, j=interpreted, Vv=VM code)
J 3852  com.sun.glass.ui.mac.MacApplication._submitForLaterInvocation(Ljava/lang/Runnable;)V (0 bytes) @ 0x00000001107a5c8c [0x00000001107a5c40+0x4c]
J 7278% C2 com.sun.glass.ui.InvokeLaterDispatcher.run()V (153 bytes) @ 0x0000000110e01bfc [0x0000000110e01a60+0x19c]
v  ~StubRoutines::call_stub

---------------  P R O C E S S  ---------------

Java Threads: ( => current thread )
  0x00007fb5d7099000 JavaThread "Thread-15" daemon [_thread_in_native, id=167755, stack(0x000000030fa48000,0x000000030fac8000)]
  0x00007fb6366c3800 JavaThread "Thread-11" daemon [_thread_in_native, id=92387, stack(0x000000030fc4e000,0x000000030fcce000)]
  0x00007fb6366be000 JavaThread "Thread-7" [_thread_blocked, id=65315, stack(0x000000030f945000,0x000000030fa45000)]
  0x00007fb6365de800 JavaThread "Disposer" daemon [_thread_blocked, id=61199, stack(0x000000030f2a7000,0x000000030f3a7000)]
  0x00007fb5e5816000 JavaThread "PulseTimer-CVDisplayLink thread" daemon [_thread_blocked, id=64899, stack(0x000000030e34f000,0x000000030e3cf000)]
  0x00007fb635989000 JavaThread "Prism Font Disposer" daemon [_thread_blocked, id=72031, stack(0x000000030f093000,0x000000030f193000)]
  0x00007fb636299800 JavaThread "JavaFX Application Thread" [_thread_in_native_trans, id=259, stack(0x000000030ce1e000,0x000000030d61e000)]
=>0x00007fb63584e800 JavaThread "Thread-2" daemon [_thread_in_native, id=29483, stack(0x000000030ed7b000,0x000000030ee7b000)]
  0x00007fb636252800 JavaThread "QuantumRenderer-0" daemon [_thread_blocked, id=24435, stack(0x000000030ebef000,0x000000030ecef000)]
  0x00007fb636243800 JavaThread "JavaFX-Launcher" [_thread_blocked, id=41391, stack(0x000000030eaec000,0x000000030ebec000)]
  0x00007fb6360c4000 JavaThread "Service Thread" daemon [_thread_blocked, id=23043, stack(0x000000030e8e6000,0x000000030e9e6000)]
  0x00007fb63580c000 JavaThread "C1 CompilerThread3" daemon [_thread_blocked, id=42755, stack(0x000000030e7e3000,0x000000030e8e3000)]
  0x00007fb63608b800 JavaThread "C2 CompilerThread2" daemon [_thread_blocked, id=43011, stack(0x000000030e6e0000,0x000000030e7e0000)]
  0x00007fb63608a800 JavaThread "C2 CompilerThread1" daemon [_thread_blocked, id=22019, stack(0x000000030e5dd000,0x000000030e6dd000)]
  0x00007fb636088800 JavaThread "C2 CompilerThread0" daemon [_thread_blocked, id=21763, stack(0x000000030e4da000,0x000000030e5da000)]
  0x00007fb636062000 JavaThread "Signal Dispatcher" daemon [_thread_blocked, id=15363, stack(0x000000030e3d7000,0x000000030e4d7000)]
  0x00007fb63580a000 JavaThread "Finalizer" daemon [_thread_blocked, id=17439, stack(0x000000030e1c3000,0x000000030e2c3000)]
  0x00007fb636057000 JavaThread "Reference Handler" daemon [_thread_blocked, id=18211, stack(0x000000030e0c0000,0x000000030e1c0000)]
  0x00007fb62580c800 JavaThread "main" [_thread_blocked, id=8707, stack(0x000000030d6a2000,0x000000030d7a2000)]

Other Threads:
  0x00007fb636050800 VMThread [stack: 0x000000030dfbd000,0x000000030e0bd000] [id=18435]
  0x00007fb636061800 WatcherThread [stack: 0x000000030e9e9000,0x000000030eae9000] [id=41995]

VM state:synchronizing (normal execution)

VM Mutex/Monitor currently owned by a thread:  ([mutex/lock_event])
[0x0000600000c4ce80] Safepoint_lock - owner thread: 0x00007fb636050800
[0x0000600000c4cf00] Threads_lock - owner thread: 0x00007fb636050800

heap address: 0x0000000740000000, size: 2048 MB, Compressed Oops mode: Zero based, Oop shift amount: 3
Narrow klass base: 0x0000000000000000, Narrow klass shift: 3
Compressed class space size: 1073741824 Address: 0x00000007c0000000

Heap:
 PSYoungGen      total 97792K, used 1780K [0x0000000795580000, 0x000000079d280000, 0x00000007c0000000)
  eden space 70656K, 1% used [0x0000000795580000,0x00000007956d52d8,0x0000000799a80000)
  from space 27136K, 1% used [0x000000079b800000,0x000000079b868000,0x000000079d280000)
  to   space 28672K, 0% used [0x0000000799a80000,0x0000000799a80000,0x000000079b680000)
 ParOldGen       total 131072K, used 41922K [0x0000000740000000, 0x0000000748000000, 0x0000000795580000)
  object space 131072K, 31% used [0x0000000740000000,0x00000007428f0a30,0x0000000748000000)
 Metaspace       used 33132K, capacity 35660K, committed 35712K, reserved 1079296K
  class space    used 4526K, capacity 4941K, committed 4992K, reserved 1048576K

Card table byte_map: [0x000000010d440000,0x000000010d841000] byte_map_base: 0x0000000109a40000

Marking Bits: (ParMarkBitMap*) 0x000000010e487298
 Begin Bits: [0x000000011eb45000, 0x0000000120b45000)
 End Bits:   [0x0000000120b45000, 0x0000000122b45000)

Polling page: 0x000000010cfa0000

CodeCache: size=245760Kb used=21314Kb max_used=21399Kb free=224445Kb
 bounds [0x000000010fb45000, 0x0000000111055000, 0x000000011eb45000]
 total_blobs=7197 nmethods=6360 adapters=750
 compilation: enabled

Compilation events (10 events):
Event: 1243.275 Thread 0x00007fb63608a800 7650       4       javafx.scene.Parent::impl_updatePeer (273 bytes)
Event: 1243.334 Thread 0x00007fb63608a800 nmethod 7650 0x0000000110c57b10 code [0x0000000110c58040, 0x0000000110c5a578]
Event: 1243.690 Thread 0x00007fb63580c000 7651       3       com.sun.javafx.scene.control.skin.TitledPaneSkin::computePrefHeight (44 bytes)
Event: 1243.692 Thread 0x00007fb63580c000 nmethod 7651 0x0000000110c5f290 code [0x0000000110c5f500, 0x0000000110c600e8]
Event: 1243.695 Thread 0x00007fb636088800 7652       4       com.sun.javafx.sg.prism.NGNode::getOpaqueRegion (173 bytes)
Event: 1243.701 Thread 0x00007fb636088800 nmethod 7652 0x0000000110c5ca90 code [0x0000000110c5cc80, 0x0000000110c5d170]
Event: 1244.789 Thread 0x00007fb63580c000 7653       3       java.util.regex.Pattern$5::isSatisfiedBy (28 bytes)
Event: 1244.789 Thread 0x00007fb63580c000 nmethod 7653 0x0000000110472e10 code [0x0000000110472fa0, 0x0000000110473338]
Event: 1254.858 Thread 0x00007fb63580c000 7654       3       java.util.Collections$UnmodifiableMap$UnmodifiableEntrySet$UnmodifiableEntry::getKey (10 bytes)
Event: 1254.862 Thread 0x00007fb63580c000 nmethod 7654 0x0000000110952c10 code [0x0000000110952d80, 0x0000000110952fa8]

GC Heap History (10 events):
Event: 316.157 GC heap before
{Heap before GC invocations=8 (full 1):
 PSYoungGen      total 79360K, used 79338K [0x0000000795580000, 0x000000079ba80000, 0x00000007c0000000)
  eden space 63488K, 100% used [0x0000000795580000,0x0000000799380000,0x0000000799380000)
  from space 15872K, 99% used [0x000000079a580000,0x000000079b4faa68,0x000000079b500000)
  to   space 18432K, 0% used [0x0000000799380000,0x0000000799380000,0x000000079a580000)
 ParOldGen       total 68096K, used 24440K [0x0000000740000000, 0x0000000744280000, 0x0000000795580000)
  object space 68096K, 35% used [0x0000000740000000,0x00000007417de110,0x0000000744280000)
 Metaspace       used 32772K, capacity 35244K, committed 35456K, reserved 1079296K
  class space    used 4521K, capacity 4937K, committed 4992K, reserved 1048576K
Event: 316.186 GC heap after
Heap after GC invocations=8 (full 1):
 PSYoungGen      total 80384K, used 18405K [0x0000000795580000, 0x000000079c400000, 0x00000007c0000000)
  eden space 61952K, 0% used [0x0000000795580000,0x0000000795580000,0x0000000799200000)
  from space 18432K, 99% used [0x0000000799380000,0x000000079a579750,0x000000079a580000)
  to   space 25600K, 0% used [0x000000079ab00000,0x000000079ab00000,0x000000079c400000)
 ParOldGen       total 68096K, used 32168K [0x0000000740000000, 0x0000000744280000, 0x0000000795580000)
  object space 68096K, 47% used [0x0000000740000000,0x0000000741f6a340,0x0000000744280000)
 Metaspace       used 32772K, capacity 35244K, committed 35456K, reserved 1079296K
  class space    used 4521K, capacity 4937K, committed 4992K, reserved 1048576K
}
Event: 553.327 GC heap before
{Heap before GC invocations=9 (full 1):
 PSYoungGen      total 80384K, used 51728K [0x0000000795580000, 0x000000079c400000, 0x00000007c0000000)
  eden space 61952K, 53% used [0x0000000795580000,0x000000079760a9a8,0x0000000799200000)
  from space 18432K, 99% used [0x0000000799380000,0x000000079a579750,0x000000079a580000)
  to   space 25600K, 0% used [0x000000079ab00000,0x000000079ab00000,0x000000079c400000)
 ParOldGen       total 68096K, used 32168K [0x0000000740000000, 0x0000000744280000, 0x0000000795580000)
  object space 68096K, 47% used [0x0000000740000000,0x0000000741f6a340,0x0000000744280000)
 Metaspace       used 32867K, capacity 35372K, committed 35456K, reserved 1079296K
  class space    used 4524K, capacity 4937K, committed 4992K, reserved 1048576K
Event: 553.350 GC heap after
Heap after GC invocations=9 (full 1):
 PSYoungGen      total 86016K, used 20125K [0x0000000795580000, 0x000000079c580000, 0x00000007c0000000)
  eden space 60416K, 0% used [0x0000000795580000,0x0000000795580000,0x0000000799080000)
  from space 25600K, 78% used [0x000000079ab00000,0x000000079bea7760,0x000000079c400000)
  to   space 27136K, 0% used [0x0000000799080000,0x0000000799080000,0x000000079ab00000)
 ParOldGen       total 68096K, used 33823K [0x0000000740000000, 0x0000000744280000, 0x0000000795580000)
  object space 68096K, 49% used [0x0000000740000000,0x0000000742107db8,0x0000000744280000)
 Metaspace       used 32867K, capacity 35372K, committed 35456K, reserved 1079296K
  class space    used 4524K, capacity 4937K, committed 4992K, reserved 1048576K
}
Event: 553.350 GC heap before
{Heap before GC invocations=10 (full 2):
 PSYoungGen      total 86016K, used 20125K [0x0000000795580000, 0x000000079c580000, 0x00000007c0000000)
  eden space 60416K, 0% used [0x0000000795580000,0x0000000795580000,0x0000000799080000)
  from space 25600K, 78% used [0x000000079ab00000,0x000000079bea7760,0x000000079c400000)
  to   space 27136K, 0% used [0x0000000799080000,0x0000000799080000,0x000000079ab00000)
 ParOldGen       total 68096K, used 33823K [0x0000000740000000, 0x0000000744280000, 0x0000000795580000)
  object space 68096K, 49% used [0x0000000740000000,0x0000000742107db8,0x0000000744280000)
 Metaspace       used 32867K, capacity 35372K, committed 35456K, reserved 1079296K
  class space    used 4524K, capacity 4937K, committed 4992K, reserved 1048576K
Event: 553.479 GC heap after
Heap after GC invocations=10 (full 2):
 PSYoungGen      total 86016K, used 0K [0x0000000795580000, 0x000000079c580000, 0x00000007c0000000)
  eden space 60416K, 0% used [0x0000000795580000,0x0000000795580000,0x0000000799080000)
  from space 25600K, 0% used [0x000000079ab00000,0x000000079ab00000,0x000000079c400000)
  to   space 27136K, 0% used [0x0000000799080000,0x0000000799080000,0x000000079ab00000)
 ParOldGen       total 131072K, used 41914K [0x0000000740000000, 0x0000000748000000, 0x0000000795580000)
  object space 131072K, 31% used [0x0000000740000000,0x00000007428eea30,0x0000000748000000)
 Metaspace       used 32867K, capacity 35372K, committed 35456K, reserved 1079296K
  class space    used 4524K, capacity 4937K, committed 4992K, reserved 1048576K
}
Event: 1030.809 GC heap before
{Heap before GC invocations=11 (full 2):
 PSYoungGen      total 86016K, used 60416K [0x0000000795580000, 0x000000079c580000, 0x00000007c0000000)
  eden space 60416K, 100% used [0x0000000795580000,0x0000000799080000,0x0000000799080000)
  from space 25600K, 0% used [0x000000079ab00000,0x000000079ab00000,0x000000079c400000)
  to   space 27136K, 0% used [0x0000000799080000,0x0000000799080000,0x000000079ab00000)
 ParOldGen       total 131072K, used 41914K [0x0000000740000000, 0x0000000748000000, 0x0000000795580000)
  object space 131072K, 31% used [0x0000000740000000,0x00000007428eea30,0x0000000748000000)
 Metaspace       used 33016K, capacity 35576K, committed 35712K, reserved 1079296K
  class space    used 4524K, capacity 4937K, committed 4992K, reserved 1048576K
Event: 1030.828 GC heap after
Heap after GC invocations=11 (full 2):
 PSYoungGen      total 87552K, used 352K [0x0000000795580000, 0x000000079d380000, 0x00000007c0000000)
  eden space 60416K, 0% used [0x0000000795580000,0x0000000795580000,0x0000000799080000)
  from space 27136K, 1% used [0x0000000799080000,0x00000007990d8000,0x000000079ab00000)
  to   space 28160K, 0% used [0x000000079b800000,0x000000079b800000,0x000000079d380000)
 ParOldGen       total 131072K, used 41922K [0x0000000740000000, 0x0000000748000000, 0x0000000795580000)
  object space 131072K, 31% used [0x0000000740000000,0x00000007428f0a30,0x0000000748000000)
 Metaspace       used 33016K, capacity 35576K, committed 35712K, reserved 1079296K
  class space    used 4524K, capacity 4937K, committed 4992K, reserved 1048576K
}
Event: 1439.702 GC heap before
{Heap before GC invocations=12 (full 2):
 PSYoungGen      total 87552K, used 60768K [0x0000000795580000, 0x000000079d380000, 0x00000007c0000000)
  eden space 60416K, 100% used [0x0000000795580000,0x0000000799080000,0x0000000799080000)
  from space 27136K, 1% used [0x0000000799080000,0x00000007990d8000,0x000000079ab00000)
  to   space 28160K, 0% used [0x000000079b800000,0x000000079b800000,0x000000079d380000)
 ParOldGen       total 131072K, used 41922K [0x0000000740000000, 0x0000000748000000, 0x0000000795580000)
  object space 131072K, 31% used [0x0000000740000000,0x00000007428f0a30,0x0000000748000000)
 Metaspace       used 33132K, capacity 35660K, committed 35712K, reserved 1079296K
  class space    used 4526K, capacity 4941K, committed 4992K, reserved 1048576K
Event: 1439.740 GC heap after
Heap after GC invocations=12 (full 2):
 PSYoungGen      total 97792K, used 416K [0x0000000795580000, 0x000000079d280000, 0x00000007c0000000)
  eden space 70656K, 0% used [0x0000000795580000,0x0000000795580000,0x0000000799a80000)
  from space 27136K, 1% used [0x000000079b800000,0x000000079b868000,0x000000079d280000)
  to   space 28672K, 0% used [0x0000000799a80000,0x0000000799a80000,0x000000079b680000)
 ParOldGen       total 131072K, used 41922K [0x0000000740000000, 0x0000000748000000, 0x0000000795580000)
  object space 131072K, 31% used [0x0000000740000000,0x00000007428f0a30,0x0000000748000000)
 Metaspace       used 33132K, capacity 35660K, committed 35712K, reserved 1079296K
  class space    used 4526K, capacity 4941K, committed 4992K, reserved 1048576K
}

Deoptimization events (10 events):
Event: 968.551 Thread 0x00007fb636252800 Uncommon trap: reason=unstable_if action=reinterpret pc=0x0000000110d9af50 method=com.sun.javafx.geom.RectBounds.contains(Lcom/sun/javafx/geom/RectBounds;)Z @ 4
Event: 969.226 Thread 0x00007fb636252800 Uncommon trap: reason=unstable_if action=reinterpret pc=0x0000000110a2f67c method=com.sun.javafx.geom.RectBounds.contains(Lcom/sun/javafx/geom/RectBounds;)Z @ 4
Event: 970.693 Thread 0x00007fb636252800 Uncommon trap: reason=unstable_if action=reinterpret pc=0x0000000110e09884 method=com.sun.javafx.geom.RectBounds.contains(Lcom/sun/javafx/geom/RectBounds;)Z @ 4
Event: 970.749 Thread 0x00007fb636252800 Uncommon trap: reason=intrinsic action=make_not_entrant pc=0x0000000110eff374 method=com.sun.prism.impl.ps.BaseShaderGraphics.drawString(Lcom/sun/javafx/scene/text/GlyphList;Lcom/sun/javafx/font/FontStrike;FFLcom/sun/prism/paint/Color;II)V @ 612
Event: 970.944 Thread 0x00007fb636252800 Uncommon trap: reason=intrinsic action=make_not_entrant pc=0x0000000110f3a7d4 method=com.sun.prism.impl.ps.BaseShaderGraphics.drawString(Lcom/sun/javafx/scene/text/GlyphList;Lcom/sun/javafx/font/FontStrike;FFLcom/sun/prism/paint/Color;II)V @ 625
Event: 972.494 Thread 0x00007fb636252800 Uncommon trap: reason=intrinsic action=make_not_entrant pc=0x0000000110f51c18 method=com.sun.prism.impl.ps.BaseShaderGraphics.drawString(Lcom/sun/javafx/scene/text/GlyphList;Lcom/sun/javafx/font/FontStrike;FFLcom/sun/prism/paint/Color;II)V @ 638
Event: 1208.266 Thread 0x00007fb636299800 Uncommon trap: reason=class_check action=maybe_recompile pc=0x00000001102de914 method=java.util.regex.Pattern$Curly.match(Ljava/util/regex/Matcher;ILjava/lang/CharSequence;)Z @ 19
Event: 1212.356 Thread 0x00007fb636299800 Uncommon trap: reason=class_check action=maybe_recompile pc=0x00000001102de914 method=java.util.regex.Pattern$Curly.match(Ljava/util/regex/Matcher;ILjava/lang/CharSequence;)Z @ 19
Event: 1239.682 Thread 0x00007fb636252800 Uncommon trap: reason=unstable_if action=reinterpret pc=0x000000011015b524 method=com.sun.prism.impl.ManagedResource.bumpAge(I)V @ 7
Event: 1242.765 Thread 0x00007fb636299800 Uncommon trap: reason=class_check action=maybe_recompile pc=0x00000001102de914 method=java.util.regex.Pattern$Curly.match(Ljava/util/regex/Matcher;ILjava/lang/CharSequence;)Z @ 19

Classes redefined (0 events):
No events

Internal exceptions (10 events):
Event: 294.722 Thread 0x00007fb6366c3800 Exception <a 'sun/nio/fs/UnixException'> (0x0000000798273498) thrown at [/System/Volumes/Data/jenkins/workspace/8-2-build-macosx-x86_64/jdk8u301/1513/hotspot/src/share/vm/prims/jni.cpp, line 710]
Event: 295.353 Thread 0x00007fb636299800 Exception <a 'java/lang/ClassNotFoundException': sun/net/www/protocol/about/Handler> (0x00000007958cb5d8) thrown at [/System/Volumes/Data/jenkins/workspace/8-2-build-macosx-x86_64/jdk8u301/1513/hotspot/src/share/vm/classfile/systemDictionary.cpp, line 212
Event: 295.736 Thread 0x00007fb636299800 Exception <a 'sun/nio/fs/UnixException'> (0x0000000795d0e898) thrown at [/System/Volumes/Data/jenkins/workspace/8-2-build-macosx-x86_64/jdk8u301/1513/hotspot/src/share/vm/prims/jni.cpp, line 710]
Event: 295.736 Thread 0x00007fb636299800 Exception <a 'sun/nio/fs/UnixException'> (0x0000000795d0f988) thrown at [/System/Volumes/Data/jenkins/workspace/8-2-build-macosx-x86_64/jdk8u301/1513/hotspot/src/share/vm/prims/jni.cpp, line 710]
Event: 296.280 Thread 0x00007fb636299800 Exception <a 'java/io/FileNotFoundException'> (0x00000007976a4818) thrown at [/System/Volumes/Data/jenkins/workspace/8-2-build-macosx-x86_64/jdk8u301/1513/hotspot/src/share/vm/prims/jni.cpp, line 710]
Event: 302.919 Thread 0x00007fb636252800 Implicit null exception at 0x00000001103223db to 0x00000001103230cd
Event: 302.946 Thread 0x00007fb636252800 Implicit null exception at 0x0000000110291857 to 0x00000001102919ed
Event: 302.947 Thread 0x00007fb636252800 Implicit null exception at 0x0000000110caed4f to 0x0000000110caf731
Event: 317.027 Thread 0x00007fb636299800 Implicit null exception at 0x00000001108b3361 to 0x00000001108b3d65
Event: 317.180 Thread 0x00007fb636299800 Implicit null exception at 0x00000001103b046b to 0x00000001103b0525

Events (10 events):
Event: 1429.492 Thread 0x00007fb6366dd000 Thread added: 0x00007fb6366dd000
Event: 1429.493 Thread 0x00007fb6366dd000 Thread exited: 0x00007fb6366dd000
Event: 1439.692 Thread 0x00007fb5d7a95000 Thread added: 0x00007fb5d7a95000
Event: 1439.697 Executing VM operation: ParallelGCFailedAllocation
Event: 1439.740 Executing VM operation: ParallelGCFailedAllocation done
Event: 1439.741 Thread 0x00007fb5d7a95000 Thread exited: 0x00007fb5d7a95000
Event: 1439.743 Executing VM operation: BulkRevokeBias
Event: 1439.744 Executing VM operation: BulkRevokeBias done
Event: 1439.758 Executing VM operation: BulkRevokeBias
Event: 1439.758 Executing VM operation: BulkRevokeBias done


Dynamic libraries:
0x00007ff837133000 	/System/Library/Frameworks/Cocoa.framework/Versions/A/Cocoa
0x00007ff822a45000 	/System/Library/Frameworks/AppKit.framework/Versions/C/AppKit
0x00007ff825f9e000 	/System/Library/Frameworks/CoreData.framework/Versions/A/CoreData
0x00007ff820e5c000 	/System/Library/Frameworks/Foundation.framework/Versions/C/Foundation
0x00007ff82b1b2000 	/usr/lib/libSystem.B.dylib
0x00007ff8238d4000 	/System/Library/PrivateFrameworks/UIFoundation.framework/Versions/A/UIFoundation
0x00007ff8310e4000 	/System/Library/PrivateFrameworks/RemoteViewServices.framework/Versions/A/RemoteViewServices
0x00007ff829489000 	/System/Library/PrivateFrameworks/XCTTargetBootstrap.framework/Versions/A/XCTTargetBootstrap
0x00007ff82d07e000 	/System/Library/PrivateFrameworks/InternationalSupport.framework/Versions/A/InternationalSupport
0x00007ff82d108000 	/System/Library/PrivateFrameworks/UserActivity.framework/Versions/A/UserActivity
0x00007ff82c465000 	/usr/lib/libspindump.dylib
0x00007ff823b62000 	/System/Library/Frameworks/UniformTypeIdentifiers.framework/Versions/A/UniformTypeIdentifiers
0x00007ff827bc6000 	/usr/lib/libapp_launch_measurement.dylib
0x00007ff82697a000 	/System/Library/PrivateFrameworks/CoreAnalytics.framework/Versions/A/CoreAnalytics
0x00007ff827bc9000 	/System/Library/PrivateFrameworks/CoreAutoLayout.framework/Versions/A/CoreAutoLayout
0x00007ff828de9000 	/System/Library/Frameworks/Metal.framework/Versions/A/Metal
0x00007ff829b01000 	/usr/lib/liblangid.dylib
0x00007ff82948d000 	/System/Library/PrivateFrameworks/CoreSVG.framework/Versions/A/CoreSVG
0x00007ff824f29000 	/System/Library/PrivateFrameworks/SkyLight.framework/Versions/A/SkyLight
0x00007ff8252bc000 	/System/Library/Frameworks/CoreGraphics.framework/Versions/A/CoreGraphics
0x00007ff831753000 	/System/Library/Frameworks/Accelerate.framework/Versions/A/Accelerate
0x00007ff82bee0000 	/System/Library/PrivateFrameworks/IconServices.framework/Versions/A/IconServices
0x00007ff828dce000 	/System/Library/Frameworks/IOSurface.framework/Versions/A/IOSurface
0x00007ff8269a8000 	/usr/lib/libDiagnosticMessagesClient.dylib
0x00007ff82b0cc000 	/usr/lib/libz.1.dylib
0x00007ff834dc2000 	/System/Library/Frameworks/ApplicationServices.framework/Versions/A/ApplicationServices
0x00007ff829475000 	/System/Library/PrivateFrameworks/DFRFoundation.framework/Versions/A/DFRFoundation
0x00007ff822336000 	/usr/lib/libicucore.A.dylib
0x00007ff82dda3000 	/System/Library/Frameworks/AudioToolbox.framework/Versions/A/AudioToolbox
0x00007ff82d08a000 	/System/Library/PrivateFrameworks/DataDetectorsCore.framework/Versions/A/DataDetectorsCore
0x00007ff928983000 	/System/Library/PrivateFrameworks/TextInput.framework/Versions/A/TextInput
0x00007ff824ead000 	/usr/lib/libMobileGestalt.dylib
0x00007ff82917d000 	/System/Library/Frameworks/Carbon.framework/Versions/A/Frameworks/HIToolbox.framework/Versions/A/HIToolbox
0x00007ff8275f3000 	/System/Library/Frameworks/QuartzCore.framework/Versions/A/QuartzCore
0x00007ff821fd6000 	/System/Library/Frameworks/Security.framework/Versions/A/Security
0x00007ff83111c000 	/System/Library/Frameworks/Carbon.framework/Versions/A/Frameworks/SpeechRecognition.framework/Versions/A/SpeechRecognition
0x00007ff827926000 	/System/Library/PrivateFrameworks/CoreUI.framework/Versions/A/CoreUI
0x00007ff8218ae000 	/System/Library/Frameworks/CoreAudio.framework/Versions/A/CoreAudio
0x00007ff826a96000 	/System/Library/Frameworks/DiskArbitration.framework/Versions/A/DiskArbitration
0x00007ff82c848000 	/System/Library/PrivateFrameworks/MultitouchSupport.framework/Versions/A/MultitouchSupport
0x00007ff824eac000 	/usr/lib/libenergytrace.dylib
0x00007ff822931000 	/System/Library/Frameworks/IOKit.framework/Versions/A/IOKit
0x00007ff831508000 	/System/Library/Frameworks/CoreServices.framework/Versions/A/CoreServices
0x00007ff827b60000 	/System/Library/PrivateFrameworks/PerformanceAnalysis.framework/Versions/A/PerformanceAnalysis
0x00007ffa38465000 	/System/Library/Frameworks/OpenGL.framework/Versions/A/OpenGL
0x00007ff82a6fd000 	/System/Library/PrivateFrameworks/MobileKeyBag.framework/Versions/A/MobileKeyBag
0x00007ff81fef4000 	/usr/lib/libobjc.A.dylib
0x00007ff8259eb000 	/System/Library/Frameworks/ColorSync.framework/Versions/A/ColorSync
0x00007ff8200b0000 	/System/Library/Frameworks/CoreFoundation.framework/Versions/A/CoreFoundation
0x00007ff829708000 	/System/Library/Frameworks/CoreImage.framework/Versions/A/CoreImage
0x00007ff8216c4000 	/System/Library/Frameworks/CoreText.framework/Versions/A/CoreText
0x00007ff8294bc000 	/System/Library/Frameworks/ImageIO.framework/Versions/A/ImageIO
0x00007ff82b1b8000 	/System/Library/PrivateFrameworks/SoftLinking.framework/Versions/A/SoftLinking
0x00007ff827c11000 	/usr/lib/libxml2.2.dylib
0x00007ff81ffbd000 	/usr/lib/libc++.1.dylib
0x00007ff82b439000 	/usr/lib/libcompression.dylib
0x00007ff82cfb4000 	/System/Library/PrivateFrameworks/TextureIO.framework/Versions/A/TextureIO
0x00007ff82bb59000 	/usr/lib/libate.dylib
0x00007ff82b1ad000 	/usr/lib/system/libcache.dylib
0x00007ff82b169000 	/usr/lib/system/libcommonCrypto.dylib
0x00007ff82b192000 	/usr/lib/system/libcompiler_rt.dylib
0x00007ff82b188000 	/usr/lib/system/libcopyfile.dylib
0x00007ff81fdee000 	/usr/lib/system/libcorecrypto.dylib
0x00007ff81fead000 	/usr/lib/system/libdispatch.dylib
0x00007ff82006f000 	/usr/lib/system/libdyld.dylib
0x00007ff82b1a4000 	/usr/lib/system/libkeymgr.dylib
0x00007ff82b147000 	/usr/lib/system/libmacho.dylib
0x00007ff82a7d1000 	/usr/lib/system/libquarantine.dylib
0x00007ff82b1a2000 	/usr/lib/system/libremovefile.dylib
0x00007ff824ef9000 	/usr/lib/system/libsystem_asl.dylib
0x00007ff81fd9c000 	/usr/lib/system/libsystem_blocks.dylib
0x00007ff81ff34000 	/usr/lib/system/libsystem_c.dylib
0x00007ff82b19a000 	/usr/lib/system/libsystem_collections.dylib
0x00007ff829af2000 	/usr/lib/system/libsystem_configuration.dylib
0x00007ff828db1000 	/usr/lib/system/libsystem_containermanager.dylib
0x00007ff82ae7e000 	/usr/lib/system/libsystem_coreservices.dylib
0x00007ff8225bf000 	/usr/lib/system/libsystem_darwin.dylib
0x00007ff82b1a5000 	/usr/lib/system/libsystem_dnssd.dylib
0x00007ff81ff31000 	/usr/lib/system/libsystem_featureflags.dylib
0x00007ff820085000 	/usr/lib/system/libsystem_info.dylib
0x00007ff82b0df000 	/usr/lib/system/libsystem_m.dylib
0x00007ff81fe81000 	/usr/lib/system/libsystem_malloc.dylib
0x00007ff824e96000 	/usr/lib/system/libsystem_networkextension.dylib
0x00007ff8229e7000 	/usr/lib/system/libsystem_notify.dylib
0x00007ff8313dd000 	/usr/lib/system/libsystem_product_info_filter.dylib
0x00007ff829af6000 	/usr/lib/system/libsystem_sandbox.dylib
0x00007ff82b19f000 	/usr/lib/system/libsystem_secinit.dylib
0x00007ff82002c000 	/usr/lib/system/libsystem_kernel.dylib
0x00007ff82007b000 	/usr/lib/system/libsystem_platform.dylib
0x00007ff820063000 	/usr/lib/system/libsystem_pthread.dylib
0x00007ff8267c1000 	/usr/lib/system/libsystem_symptoms.dylib
0x00007ff81fdd5000 	/usr/lib/system/libsystem_trace.dylib
0x00007ff82b175000 	/usr/lib/system/libunwind.dylib
0x00007ff81fd9e000 	/usr/lib/system/libxpc.dylib
0x00007ff820016000 	/usr/lib/libc++abi.dylib
0x00007ff82b180000 	/usr/lib/liboah.dylib
0x00007ff82b912000 	/usr/lib/liblzma.5.dylib
0x00007ff820b6d000 	/System/Library/Frameworks/SystemConfiguration.framework/Versions/A/SystemConfiguration
0x00007ff82b1b4000 	/usr/lib/libfakelink.dylib
0x00007ff8249ff000 	/System/Library/Frameworks/CFNetwork.framework/Versions/A/CFNetwork
0x00007ff82b2f3000 	/usr/lib/libarchive.2.dylib
0x00007ff829afd000 	/System/Library/PrivateFrameworks/AppleSystemInfo.framework/Versions/A/AppleSystemInfo
0x00007ff82a7f8000 	/usr/lib/libbsm.0.dylib
0x00007ff824035000 	/usr/lib/libnetwork.dylib
0x00007ff82b14d000 	/usr/lib/system/libkxld.dylib
0x00007ff82a426000 	/System/Library/PrivateFrameworks/IOMobileFramebuffer.framework/Versions/A/IOMobileFramebuffer
0x00007ffb3605a000 	/usr/lib/libCoreEntitlements.dylib
0x00007ff82ae60000 	/System/Library/PrivateFrameworks/AppleFSCompression.framework/Versions/A/AppleFSCompression
0x00007ff82a7e0000 	/usr/lib/libcoretls.dylib
0x00007ff82b92c000 	/usr/lib/libcoretls_cfhelpers.dylib
0x00007ff82b434000 	/usr/lib/libpam.2.dylib
0x00007ff8263e7000 	/usr/lib/libsqlite3.dylib
0x00007ff82b99b000 	/usr/lib/libxar.1.dylib
0x00007ff82ae70000 	/usr/lib/libbz2.1.0.dylib
0x00007ff82b1b9000 	/usr/lib/libpcap.A.dylib
0x00007ff8267b8000 	/usr/lib/libdns_services.dylib
0x00007ff82b406000 	/usr/lib/libapple_nghttp2.dylib
0x00007ff82b1f0000 	/usr/lib/libiconv.2.dylib
0x00007ff82b146000 	/usr/lib/libcharset.1.dylib
0x00007ff827b94000 	/System/Library/Frameworks/CoreServices.framework/Versions/A/Frameworks/FSEvents.framework/Versions/A/FSEvents
0x00007ff8225c9000 	/System/Library/Frameworks/CoreServices.framework/Versions/A/Frameworks/CarbonCore.framework/Versions/A/CarbonCore
0x00007ff8269fb000 	/System/Library/Frameworks/CoreServices.framework/Versions/A/Frameworks/Metadata.framework/Versions/A/Metadata
0x00007ff82ae83000 	/System/Library/Frameworks/CoreServices.framework/Versions/A/Frameworks/OSServices.framework/Versions/A/OSServices
0x00007ff82b37a000 	/System/Library/Frameworks/CoreServices.framework/Versions/A/Frameworks/SearchKit.framework/Versions/A/SearchKit
0x00007ff82674a000 	/System/Library/Frameworks/CoreServices.framework/Versions/A/Frameworks/AE.framework/Versions/A/AE
0x00007ff8205b1000 	/System/Library/Frameworks/CoreServices.framework/Versions/A/Frameworks/LaunchServices.framework/Versions/A/LaunchServices
0x00007ff82b8c3000 	/System/Library/Frameworks/CoreServices.framework/Versions/A/Frameworks/DictionaryServices.framework/Versions/A/DictionaryServices
0x00007ff827ba1000 	/System/Library/Frameworks/CoreServices.framework/Versions/A/Frameworks/SharedFileList.framework/Versions/A/SharedFileList
0x00007ff82a7d4000 	/usr/lib/libCheckFix.dylib
0x00007ff824f10000 	/System/Library/PrivateFrameworks/TCC.framework/Versions/A/TCC
0x00007ff829b03000 	/System/Library/PrivateFrameworks/CoreNLP.framework/Versions/A/CoreNLP
0x00007ff8269ab000 	/System/Library/PrivateFrameworks/MetadataUtilities.framework/Versions/A/MetadataUtilities
0x00007ff820c1d000 	/usr/lib/libmecabra.dylib
0x00007ff82a808000 	/usr/lib/libmecab.dylib
0x00007ff820be8000 	/usr/lib/libCRFSuite.dylib
0x00007ff82a865000 	/usr/lib/libgermantok.dylib
0x00007ff82b3e1000 	/usr/lib/libThaiTokenizer.dylib
0x00007ff826a9d000 	/System/Library/Frameworks/Accelerate.framework/Versions/A/Frameworks/vImage.framework/Versions/A/vImage
0x00007ff8314df000 	/System/Library/Frameworks/Accelerate.framework/Versions/A/Frameworks/vecLib.framework/Versions/A/vecLib
0x00007ff82b9dc000 	/System/Library/Frameworks/Accelerate.framework/Versions/A/Frameworks/vecLib.framework/Versions/A/libvMisc.dylib
0x00007ff82a21a000 	/System/Library/Frameworks/Accelerate.framework/Versions/A/Frameworks/vecLib.framework/Versions/A/libvDSP.dylib
0x00007ff820929000 	/System/Library/Frameworks/Accelerate.framework/Versions/A/Frameworks/vecLib.framework/Versions/A/libBLAS.dylib
0x00007ff82b516000 	/System/Library/Frameworks/Accelerate.framework/Versions/A/Frameworks/vecLib.framework/Versions/A/libLAPACK.dylib
0x00007ff82a868000 	/System/Library/Frameworks/Accelerate.framework/Versions/A/Frameworks/vecLib.framework/Versions/A/libLinearAlgebra.dylib
0x00007ff82b41f000 	/System/Library/Frameworks/Accelerate.framework/Versions/A/Frameworks/vecLib.framework/Versions/A/libSparseBLAS.dylib
0x00007ff82b510000 	/System/Library/Frameworks/Accelerate.framework/Versions/A/Frameworks/vecLib.framework/Versions/A/libQuadrature.dylib
0x00007ff829bed000 	/System/Library/Frameworks/Accelerate.framework/Versions/A/Frameworks/vecLib.framework/Versions/A/libBNNS.dylib
0x00007ff820afe000 	/System/Library/Frameworks/Accelerate.framework/Versions/A/Frameworks/vecLib.framework/Versions/A/libSparse.dylib
0x00007ff829be6000 	/System/Library/PrivateFrameworks/LinguisticData.framework/Versions/A/LinguisticData
0x00007ff820ab3000 	/System/Library/PrivateFrameworks/Lexicon.framework/Versions/A/Lexicon
0x00007ff82b9d5000 	/usr/lib/libChineseTokenizer.dylib
0x00007ff821217000 	/System/Library/PrivateFrameworks/LanguageModeling.framework/Versions/A/LanguageModeling
0x00007ff82b3e3000 	/System/Library/PrivateFrameworks/AppleSauce.framework/Versions/A/AppleSauce
0x00007ff82a414000 	/System/Library/PrivateFrameworks/CoreEmoji.framework/Versions/A/CoreEmoji
0x00007ff82b2e2000 	/usr/lib/libcmph.dylib
0x00007ff827b78000 	/System/Library/Frameworks/OpenDirectory.framework/Versions/A/Frameworks/CFOpenDirectory.framework/Versions/A/CFOpenDirectory
0x00007ff827b6c000 	/System/Library/Frameworks/OpenDirectory.framework/Versions/A/OpenDirectory
0x00007ff82b92e000 	/System/Library/PrivateFrameworks/APFS.framework/Versions/A/APFS
0x00007ff82a735000 	/System/Library/Frameworks/SecurityFoundation.framework/Versions/A/SecurityFoundation
0x00007ff82b9a9000 	/usr/lib/libutil.dylib
0x00007ff8228f4000 	/System/Library/PrivateFrameworks/CoreServicesStore.framework/Versions/A/CoreServicesStore
0x00007ff82b9ad000 	/usr/lib/libxslt.1.dylib
0x00007ff82a7c2000 	/System/Library/PrivateFrameworks/BackgroundTaskManagement.framework/Versions/A/BackgroundTaskManagement
0x00007ff82ced6000 	/System/Library/Frameworks/ImageIO.framework/Versions/A/Resources/libRadiance.dylib
0x00007ff82cedf000 	/System/Library/Frameworks/ImageIO.framework/Versions/A/Resources/libJPEG.dylib
0x00007ff82ce30000 	/System/Library/Frameworks/ImageIO.framework/Versions/A/Resources/libPng.dylib
0x00007ff82ce51000 	/System/Library/Frameworks/ImageIO.framework/Versions/A/Resources/libTIFF.dylib
0x00007ff82cf3d000 	/System/Library/Frameworks/ImageIO.framework/Versions/A/Resources/libGIF.dylib
0x00007ff82c765000 	/System/Library/Frameworks/ImageIO.framework/Versions/A/Resources/libJP2.dylib
0x00007ff82bea7000 	/usr/lib/libexpat.1.dylib
0x00007ff82c71a000 	/System/Library/PrivateFrameworks/AppleJPEG.framework/Versions/A/AppleJPEG
0x00007ff829044000 	/System/Library/PrivateFrameworks/FontServices.framework/libFontParser.dylib
0x00007ff8266f4000 	/System/Library/PrivateFrameworks/RunningBoardServices.framework/Versions/A/RunningBoardServices
0x00007ff8376ad000 	/System/Library/PrivateFrameworks/IOSurfaceAccelerator.framework/Versions/A/IOSurfaceAccelerator
0x00007ff82c844000 	/System/Library/PrivateFrameworks/WatchdogClient.framework/Versions/A/WatchdogClient
0x00007ff821306000 	/System/Library/Frameworks/CoreDisplay.framework/Versions/A/CoreDisplay
0x00007ff828f43000 	/System/Library/Frameworks/CoreMedia.framework/Versions/A/CoreMedia
0x00007ff828de0000 	/System/Library/PrivateFrameworks/IOAccelerator.framework/Versions/A/IOAccelerator
0x00007ff827cf4000 	/System/Library/Frameworks/CoreVideo.framework/Versions/A/CoreVideo
0x00007ff82b432000 	/System/Library/Frameworks/MetalPerformanceShaders.framework/Versions/A/MetalPerformanceShaders
0x00007ff82c87f000 	/System/Library/Frameworks/VideoToolbox.framework/Versions/A/VideoToolbox
0x00007ff82663c000 	/System/Library/PrivateFrameworks/BaseBoard.framework/Versions/A/BaseBoard
0x00007ff8263cd000 	/System/Library/PrivateFrameworks/ProtocolBuffer.framework/Versions/A/ProtocolBuffer
0x00007ff82cecf000 	/System/Library/PrivateFrameworks/GPUWrangler.framework/Versions/A/GPUWrangler
0x00007ff82ceb2000 	/System/Library/PrivateFrameworks/IOPresentment.framework/Versions/A/IOPresentment
0x00007ff82ced9000 	/System/Library/PrivateFrameworks/DSExternalDisplay.framework/Versions/A/DSExternalDisplay
0x00007ffa38459000 	/System/Library/Frameworks/OpenGL.framework/Versions/A/Libraries/libCoreFSCache.dylib
0x00007ffb24344000 	/System/Library/PrivateFrameworks/GPUCompiler.framework/Versions/31001/Libraries/libGPUCompilerUtils.dylib
0x00007ff82cf42000 	/System/Library/PrivateFrameworks/CMCaptureCore.framework/Versions/A/CMCaptureCore
0x00007ff82c453000 	/System/Library/PrivateFrameworks/AppServerSupport.framework/Versions/A/AppServerSupport
0x00007ff82e629000 	/System/Library/PrivateFrameworks/perfdata.framework/Versions/A/perfdata
0x00007ff821432000 	/System/Library/PrivateFrameworks/AudioToolboxCore.framework/Versions/A/AudioToolboxCore
0x00007ff828f20000 	/System/Library/PrivateFrameworks/caulk.framework/Versions/A/caulk
0x00007ff82df4d000 	/usr/lib/libAudioStatistics.dylib
0x00007ff925214000 	/System/Library/PrivateFrameworks/SystemPolicy.framework/Versions/A/SystemPolicy
0x00007ff82e1a2000 	/usr/lib/libSMC.dylib
0x00007ff836fe6000 	/System/Library/Frameworks/CoreMIDI.framework/Versions/A/CoreMIDI
0x00007ff82ce00000 	/usr/lib/libAudioToolboxUtility.dylib
0x00007ff921626000 	/System/Library/PrivateFrameworks/OSAServicesClient.framework/Versions/A/OSAServicesClient
0x00007ff82e636000 	/usr/lib/libperfcheck.dylib
0x00007ff925ca6000 	/usr/lib/libmis.dylib
0x00007ffa384b5000 	/System/Library/Frameworks/OpenGL.framework/Versions/A/Libraries/libGLU.dylib
0x00007ffa38478000 	/System/Library/Frameworks/OpenGL.framework/Versions/A/Libraries/libGFXShared.dylib
0x00007ffa38686000 	/System/Library/Frameworks/OpenGL.framework/Versions/A/Libraries/libGL.dylib
0x00007ffa38481000 	/System/Library/Frameworks/OpenGL.framework/Versions/A/Libraries/libGLImage.dylib
0x00007ffa38475000 	/System/Library/Frameworks/OpenGL.framework/Versions/A/Libraries/libCVMSPluginSupport.dylib
0x00007ffa38460000 	/System/Library/Frameworks/OpenGL.framework/Versions/A/Libraries/libCoreVMClient.dylib
0x00007ff829a81000 	/System/Library/Frameworks/MetalPerformanceShaders.framework/Versions/A/Frameworks/MPSCore.framework/Versions/A/MPSCore
0x00007ff82adcb000 	/System/Library/Frameworks/MetalPerformanceShaders.framework/Versions/A/Frameworks/MPSImage.framework/Versions/A/MPSImage
0x00007ff82a87e000 	/System/Library/Frameworks/MetalPerformanceShaders.framework/Versions/A/Frameworks/MPSNeuralNetwork.framework/Versions/A/MPSNeuralNetwork
0x00007ff82acf3000 	/System/Library/Frameworks/MetalPerformanceShaders.framework/Versions/A/Frameworks/MPSMatrix.framework/Versions/A/MPSMatrix
0x00007ff82aaaf000 	/System/Library/Frameworks/MetalPerformanceShaders.framework/Versions/A/Frameworks/MPSRayIntersector.framework/Versions/A/MPSRayIntersector
0x00007ff82ad2c000 	/System/Library/Frameworks/MetalPerformanceShaders.framework/Versions/A/Frameworks/MPSNDArray.framework/Versions/A/MPSNDArray
0x00007ffa3d077000 	/System/Library/Frameworks/MetalPerformanceShaders.framework/Versions/A/Frameworks/MPSFunctions.framework/Versions/A/MPSFunctions
0x00007ff82080c000 	/System/Library/PrivateFrameworks/MetalTools.framework/Versions/A/MetalTools
0x00007ff829afb000 	/System/Library/PrivateFrameworks/AggregateDictionary.framework/Versions/A/AggregateDictionary
0x00007ff82bc89000 	/usr/lib/libIOReport.dylib
0x00007ffa39a95000 	/System/Library/Frameworks/OpenCL.framework/Versions/A/OpenCL
0x00007ff82bfed000 	/System/Library/PrivateFrameworks/FaceCore.framework/Versions/A/FaceCore
0x00007ff82bfde000 	/System/Library/PrivateFrameworks/GraphVisualizer.framework/Versions/A/GraphVisualizer
0x00007ffb2424f000 	/System/Library/PrivateFrameworks/FontServices.framework/Versions/A/FontServices
0x00007ff82c40a000 	/System/Library/PrivateFrameworks/OTSVG.framework/Versions/A/OTSVG
0x00007ff8278dc000 	/System/Library/Frameworks/ApplicationServices.framework/Versions/A/Frameworks/ATS.framework/Versions/A/Resources/libFontRegistry.dylib
0x00007ff82c45b000 	/System/Library/PrivateFrameworks/FontServices.framework/libhvf.dylib
0x00007ffb24250000 	/System/Library/PrivateFrameworks/FontServices.framework/libXTFontStaticRegistryData.dylib
0x00007ff82be57000 	/System/Library/PrivateFrameworks/AppleVA.framework/Versions/A/AppleVA
0x00007ff82df71000 	/System/Library/Frameworks/ApplicationServices.framework/Versions/A/Frameworks/ATS.framework/Versions/A/ATS
0x00007ff825ae7000 	/System/Library/Frameworks/ApplicationServices.framework/Versions/A/Frameworks/HIServices.framework/Versions/A/HIServices
0x00007ff82cf4c000 	/System/Library/Frameworks/ApplicationServices.framework/Versions/A/Frameworks/PrintCore.framework/Versions/A/PrintCore
0x00007ff82e2f5000 	/System/Library/Frameworks/ApplicationServices.framework/Versions/A/Frameworks/QD.framework/Versions/A/QD
0x00007ff82e2ed000 	/System/Library/Frameworks/ApplicationServices.framework/Versions/A/Frameworks/ColorSyncLegacy.framework/Versions/A/ColorSyncLegacy
0x00007ff82df61000 	/System/Library/Frameworks/ApplicationServices.framework/Versions/A/Frameworks/SpeechSynthesis.framework/Versions/A/SpeechSynthesis
0x00007ff82cf0d000 	/System/Library/Frameworks/ApplicationServices.framework/Versions/A/Frameworks/ATSUI.framework/Versions/A/ATSUI
0x00007ff82e282000 	/usr/lib/libcups.2.dylib
0x00007ff82e645000 	/System/Library/Frameworks/Kerberos.framework/Versions/A/Kerberos
0x00007ff82e654000 	/System/Library/Frameworks/GSS.framework/Versions/A/GSS
0x00007ff82dfdd000 	/usr/lib/libresolv.9.dylib
0x00007ff82c46a000 	/System/Library/PrivateFrameworks/Heimdal.framework/Versions/A/Heimdal
0x00007ff83513d000 	/System/Library/Frameworks/Kerberos.framework/Versions/A/Libraries/libHeimdalProxy.dylib
0x00007ff8267c9000 	/System/Library/Frameworks/Network.framework/Versions/A/Network
0x00007ff82bec1000 	/usr/lib/libheimdal-asn1.dylib
0x00007ff82e6a0000 	/System/Library/PrivateFrameworks/CommonAuth.framework/Versions/A/CommonAuth
0x00007ff82dede000 	/System/Library/PrivateFrameworks/AudioSession.framework/Versions/A/AudioSession
0x00007ff82bf51000 	/System/Library/PrivateFrameworks/MediaExperience.framework/Versions/A/MediaExperience
0x00007ff82dd72000 	/System/Library/PrivateFrameworks/AudioSession.framework/libSessionUtility.dylib
0x00007ff82e301000 	/System/Library/PrivateFrameworks/AudioResourceArbitration.framework/Versions/A/AudioResourceArbitration
0x00007ff8322f2000 	/System/Library/PrivateFrameworks/PowerLog.framework/Versions/A/PowerLog
0x00007ff82beca000 	/System/Library/PrivateFrameworks/IconFoundation.framework/Versions/A/IconFoundation
0x00007ff83110c000 	/System/Library/PrivateFrameworks/SpeechRecognitionCore.framework/Versions/A/SpeechRecognitionCore
0x00007ffa29922000 	/System/Library/CoreServices/Encodings/libSimplifiedChineseConverter.dylib
0x000000010dd63000 	/Library/Java/JavaVirtualMachines/jdk1.8.0_301.jdk/Contents/Home/jre/lib/server/libjvm.dylib
0x000000010cfb1000 	/Library/Java/JavaVirtualMachines/jdk1.8.0_301.jdk/Contents/Home/jre/lib/libverify.dylib
0x000000010d009000 	/Library/Java/JavaVirtualMachines/jdk1.8.0_301.jdk/Contents/Home/jre/lib/libjava.dylib
0x000000010cfe3000 	/Library/Java/JavaVirtualMachines/jdk1.8.0_301.jdk/Contents/Home/jre/lib/libzip.dylib
0x0000000125623000 	/Library/Java/JavaVirtualMachines/jdk1.8.0_301.jdk/Contents/Home/jre/lib/libprism_es2.dylib
0x00007ff8228b5000 	/System/Library/PrivateFrameworks/CoreServicesInternal.framework/Versions/A/CoreServicesInternal
0x00007ffa38691000 	/System/Library/Frameworks/OpenGL.framework/Versions/A/Resources/GLEngine.bundle/GLEngine
0x00007ffa384f3000 	/System/Library/Frameworks/OpenGL.framework/Versions/A/Libraries/libGLProgrammability.dylib
0x0000000125830000 	/System/Library/Extensions/AppleMetalOpenGLRenderer.bundle/Contents/MacOS/AppleMetalOpenGLRenderer
0x00007ffa38820000 	/System/Library/Frameworks/OpenGL.framework/Versions/A/Resources/GLRendererFloat.bundle/GLRendererFloat
0x00007ffa3a5ff000 	/System/Library/Extensions/AGXMetal13_3.bundle/Contents/MacOS/AGXMetal13_3
0x00007ff925cc1000 	/System/Library/PrivateFrameworks/GPURawCounter.framework/Versions/A/GPURawCounter
0x00007ff9207f5000 	/System/Library/PrivateFrameworks/IOGPU.framework/Versions/A/IOGPU
0x0000000125a0f000 	/Library/Java/JavaVirtualMachines/jdk1.8.0_301.jdk/Contents/Home/jre/lib/libglass.dylib
0x00007ff8328e3000 	/System/Library/Frameworks/FileProvider.framework/Versions/A/FileProvider
0x00007ff8265a8000 	/System/Library/Frameworks/Accounts.framework/Versions/A/Accounts
0x00007ff832a5a000 	/System/Library/PrivateFrameworks/GenerationalStorage.framework/Versions/A/GenerationalStorage
0x00007ff83356c000 	/System/Library/PrivateFrameworks/CoreSymbolication.framework/Versions/A/CoreSymbolication
0x00007ff8322e7000 	/System/Library/PrivateFrameworks/SymptomDiagnosticReporter.framework/Versions/A/SymptomDiagnosticReporter
0x00007ff823b76000 	/System/Library/PrivateFrameworks/DesktopServicesPriv.framework/Versions/A/DesktopServicesPriv
0x00007ff8229f6000 	/usr/lib/libsandbox.1.dylib
0x00007ff827d73000 	/System/Library/PrivateFrameworks/UserManagement.framework/Versions/A/UserManagement
0x00007ff833531000 	/System/Library/PrivateFrameworks/DebugSymbols.framework/Versions/A/DebugSymbols
0x00007ff82e2e2000 	/System/Library/PrivateFrameworks/NetAuth.framework/Versions/A/NetAuth
0x00007ff82f1d0000 	/System/Library/PrivateFrameworks/Sharing.framework/Versions/A/Sharing
0x00007ff827d46000 	/System/Library/PrivateFrameworks/login.framework/Versions/A/Frameworks/loginsupport.framework/Versions/A/loginsupport
0x00007ff834671000 	/System/Library/PrivateFrameworks/Apple80211.framework/Versions/A/Apple80211
0x00007ff82aeb0000 	/System/Library/PrivateFrameworks/AuthKit.framework/Versions/A/AuthKit
0x00007ff82a50a000 	/System/Library/PrivateFrameworks/CoreUtils.framework/Versions/A/CoreUtils
0x00007ff82a431000 	/System/Library/Frameworks/CoreWLAN.framework/Versions/A/CoreWLAN
0x00007ff82f32b000 	/System/Library/Frameworks/IOBluetooth.framework/Versions/A/IOBluetooth
0x00007ff8346d9000 	/System/Library/PrivateFrameworks/CoreWiFi.framework/Versions/A/CoreWiFi
0x00007ff833106000 	/System/Library/PrivateFrameworks/FrontBoardServices.framework/Versions/A/FrontBoardServices
0x00007ff833198000 	/System/Library/PrivateFrameworks/BoardServices.framework/Versions/A/BoardServices
0x00007ff82a724000 	/System/Library/PrivateFrameworks/AssertionServices.framework/Versions/A/AssertionServices
0x00007ff83485d000 	/System/Library/PrivateFrameworks/BackBoardServices.framework/Versions/A/BackBoardServices
0x00007ff82e72f000 	/System/Library/PrivateFrameworks/CorePhoneNumbers.framework/Versions/A/CorePhoneNumbers
0x00007ff832404000 	/System/Library/PrivateFrameworks/DiskManagement.framework/Versions/A/DiskManagement
0x00007ff832318000 	/System/Library/PrivateFrameworks/AppleIDAuthSupport.framework/Versions/A/AppleIDAuthSupport
0x00007ffa3f00d000 	/System/Library/PrivateFrameworks/AAAFoundation.framework/Versions/A/AAAFoundation
0x00007ff82e710000 	/System/Library/PrivateFrameworks/KeychainCircle.framework/Versions/A/KeychainCircle
0x00007ff8323d0000 	/System/Library/PrivateFrameworks/MediaKit.framework/Versions/A/MediaKit
0x00007ff832324000 	/System/Library/Frameworks/DiscRecording.framework/Versions/A/DiscRecording
0x00007ff82bdcf000 	/usr/lib/libCoreStorage.dylib
0x00007ff834b4c000 	/usr/lib/libcsfde.dylib
0x00007ff82f3f8000 	/System/Library/PrivateFrameworks/ProtectedCloudStorage.framework/Versions/A/ProtectedCloudStorage
0x00007ff834b48000 	/System/Library/PrivateFrameworks/EFILogin.framework/Versions/A/EFILogin
0x00007ff832a80000 	/System/Library/PrivateFrameworks/OctagonTrust.framework/Versions/A/OctagonTrust
0x00007ffb23571000 	/System/Library/PrivateFrameworks/CoreUtilsExtras.framework/Versions/A/CoreUtilsExtras
0x00007ff83225a000 	/System/Library/Frameworks/CoreBluetooth.framework/Versions/A/CoreBluetooth
0x00007ff8351c2000 	/System/Library/Frameworks/AudioUnit.framework/Versions/A/AudioUnit
0x00007ff82bdc7000 	/usr/lib/libMatch.1.dylib
0x00007ff92a0f5000 	/System/Library/Frameworks/Accelerate.framework/Versions/A/Frameworks/vImage.framework/Versions/A/Libraries/libCGInterfaces.dylib
0x0000000127599000 	/usr/lib/libobjc-trampolines.dylib
0x00007ffb36168000 	/usr/lib/libRosetta.dylib
0x00007ff827a6c000 	/System/Library/PrivateFrameworks/ViewBridge.framework/Versions/A/ViewBridge
0x0000000129169000 	/private/var/folders/dt/4tq856fn683_ytdsqbk5271c0000gn/T/sqlite-3.32.3.3-96e5a2e1-2875-464e-a7ec-73cb93c676fe-libsqlitejdbc.jnilib
0x0000000129064000 	/Library/Java/JavaVirtualMachines/jdk1.8.0_301.jdk/Contents/Home/jre/lib/libjavafx_font.dylib
0x00007ff82c524000 	/System/Library/PrivateFrameworks/login.framework/Versions/A/login
0x00000001303d6000 	/System/Library/Frameworks/FileProvider.framework/OverrideBundles/CloudDocsFileProvider.bundle/Contents/MacOS/CloudDocsFileProvider
0x00007ff827f6e000 	/System/Library/PrivateFrameworks/CloudDocs.framework/Versions/A/CloudDocs
0x00007ff834e6a000 	/System/Library/PrivateFrameworks/AppleAccount.framework/Versions/A/AppleAccount
0x00007ff82f3df000 	/System/Library/PrivateFrameworks/AppContainer.framework/Versions/A/AppContainer
0x00007ff82eea2000 	/System/Library/PrivateFrameworks/IDS.framework/Versions/A/IDS
0x00007ff834fbf000 	/System/Library/PrivateFrameworks/AppleIDSSOAuthentication.framework/Versions/A/AppleIDSSOAuthentication
0x00007ff827d49000 	/System/Library/PrivateFrameworks/ApplePushService.framework/Versions/A/ApplePushService
0x00007ff834bcc000 	/System/Library/PrivateFrameworks/AppSupport.framework/Versions/A/AppSupport
0x00007ff82dcd6000 	/System/Library/PrivateFrameworks/IMFoundation.framework/Versions/A/IMFoundation
0x00007ff920e69000 	/System/Library/PrivateFrameworks/Marco.framework/Versions/A/Marco
0x00007ff82f016000 	/System/Library/PrivateFrameworks/IDSFoundation.framework/Versions/A/IDSFoundation
0x00007ff826624000 	/System/Library/PrivateFrameworks/CommonUtilities.framework/Versions/A/CommonUtilities
0x00007ff9258c1000 	/System/Library/PrivateFrameworks/FTServices.framework/Versions/A/FTServices
0x00007ff8389c2000 	/System/Library/PrivateFrameworks/Engram.framework/Versions/A/Engram
0x00007ff838969000 	/usr/lib/libtidy.A.dylib
0x00007ff82c6d6000 	/System/Library/PrivateFrameworks/Bom.framework/Versions/A/Bom
0x00007ff82bc91000 	/System/Library/PrivateFrameworks/CrashReporterSupport.framework/Versions/A/CrashReporterSupport
0x00007ff92f937000 	/System/Library/PrivateFrameworks/FTAWD.framework/Versions/A/FTAWD
0x00007ff931a61000 	/System/Library/PrivateFrameworks/OSAnalytics.framework/Versions/A/OSAnalytics
0x00007ff93c9fa000 	/System/Library/PrivateFrameworks/Symbolication.framework/Versions/A/Symbolication
0x00007ff925c83000 	/System/Library/PrivateFrameworks/MallocStackLogging.framework/Versions/A/MallocStackLogging
0x00007ff8317cb000 	/System/Library/PrivateFrameworks/CoreDaemon.framework/Versions/B/CoreDaemon
0x00007ff8317c6000 	/System/Library/PrivateFrameworks/AppleSRP.framework/Versions/A/AppleSRP
0x00007ff82a7cc000 	/System/Library/Frameworks/ServiceManagement.framework/Versions/A/ServiceManagement
0x00007ff82f3f4000 	/System/Library/PrivateFrameworks/SecCodeWrapper.framework/Versions/A/SecCodeWrapper
0x0000000130429000 	/System/Library/Frameworks/FileProvider.framework/OverrideBundles/FileProviderOverride.bundle/Contents/MacOS/FileProviderOverride
0x00000001304d5000 	/System/Library/Frameworks/FileProvider.framework/OverrideBundles/FinderSyncCollaborationFileProviderOverride.bundle/Contents/MacOS/FinderSyncCollaborationFileProviderOverride
0x00007ff9360a5000 	/System/Library/PrivateFrameworks/FinderSyncPriv.framework/Versions/A/FinderSyncPriv
0x00007ff827d99000 	/System/Library/Frameworks/CloudKit.framework/Versions/A/CloudKit
0x00007ff835270000 	/System/Library/PrivateFrameworks/C2.framework/Versions/A/C2
0x00007ff828d0f000 	/System/Library/Frameworks/CoreLocation.framework/Versions/A/CoreLocation
0x00007ff835268000 	/System/Library/Frameworks/PushKit.framework/Versions/A/PushKit
0x00007ff833622000 	/System/Library/PrivateFrameworks/CoreTime.framework/Versions/A/CoreTime
0x00007ff836d5f000 	/System/Library/PrivateFrameworks/RTCReporting.framework/Versions/A/RTCReporting
0x00007ff82f6be000 	/System/Library/PrivateFrameworks/GeoServices.framework/Versions/A/GeoServices
0x00007ff82dd49000 	/System/Library/PrivateFrameworks/LocationSupport.framework/Versions/A/LocationSupport
0x00007ffb24a39000 	/System/Library/PrivateFrameworks/GeoServicesCore.framework/Versions/A/GeoServicesCore
0x00007ff921666000 	/System/Library/PrivateFrameworks/PhoneNumbers.framework/Versions/A/PhoneNumbers
0x00007ff834ad1000 	/System/Library/PrivateFrameworks/RemoteServiceDiscovery.framework/Versions/A/RemoteServiceDiscovery
0x0000000130758000 	/Library/Java/JavaVirtualMachines/jdk1.8.0_301.jdk/Contents/Home/jre/lib/libsunec.dylib
0x00000001307b1000 	/Library/Java/JavaVirtualMachines/jdk1.8.0_301.jdk/Contents/Home/jre/lib/libnio.dylib
0x00000001307dc000 	/Library/Java/JavaVirtualMachines/jdk1.8.0_301.jdk/Contents/Home/jre/lib/libnet.dylib
0x00007ff923c64000 	/usr/lib/libFosl_dynamic.dylib
0x00007ff929983000 	/usr/lib/libncurses.5.4.dylib
0x00000001351ef000 	/Library/Java/JavaVirtualMachines/jdk1.8.0_301.jdk/Contents/Home/jre/lib/libprism_common.dylib
0x00007ff8317d7000 	/System/Library/PrivateFrameworks/SystemAdministration.framework/Versions/A/SystemAdministration
0x00007ff82d174000 	/System/Library/Frameworks/MediaToolbox.framework/Versions/A/MediaToolbox
0x00007ff8310d8000 	/System/Library/Frameworks/DirectoryService.framework/Versions/A/DirectoryService
0x00007ff8349ea000 	/System/Library/PrivateFrameworks/DiskImages.framework/Versions/A/DiskImages
0x00007ff834bc4000 	/System/Library/PrivateFrameworks/LoginUIKit.framework/Versions/A/Frameworks/LoginUICore.framework/Versions/A/LoginUICore
0x00007ff82c6d2000 	/usr/lib/libodfde.dylib
0x00007ff8328b3000 	/System/Library/PrivateFrameworks/CoreAVCHD.framework/Versions/A/CoreAVCHD
0x00007ff83179b000 	/System/Library/Frameworks/MediaAccessibility.framework/Versions/A/MediaAccessibility
0x00007ff8328af000 	/System/Library/PrivateFrameworks/Mangrove.framework/Versions/A/Mangrove
0x00007ff8317a6000 	/System/Library/PrivateFrameworks/AlgosScoreFramework.framework/Versions/A/AlgosScoreFramework
0x00007ffb209bd000 	/System/Library/PrivateFrameworks/CMPhoto.framework/Versions/A/CMPhoto
0x00007ff833407000 	/System/Library/PrivateFrameworks/AppleVPA.framework/Versions/A/AppleVPA
0x00007ff8324f4000 	/System/Library/PrivateFrameworks/CoreAUC.framework/Versions/A/CoreAUC
0x00007ff834b58000 	/usr/lib/libcurl.4.dylib
0x00007ff8348b5000 	/usr/lib/libcrypto.44.dylib
0x00007ff8349bd000 	/usr/lib/libssl.46.dylib
0x00007ff83487b000 	/System/Library/Frameworks/LDAP.framework/Versions/A/LDAP
0x00007ff8348b3000 	/System/Library/PrivateFrameworks/TrustEvaluationAgent.framework/Versions/A/TrustEvaluationAgent
0x00007ff82dff6000 	/usr/lib/libsasl2.2.dylib
0x00007ff92c843000 	/System/Library/CoreServices/RawCamera.bundle/Contents/MacOS/RawCamera
0x00007ff82e6b0000 	/System/Library/PrivateFrameworks/MobileAsset.framework/Versions/A/MobileAsset
0x00007ff8351e9000 	/System/Library/PrivateFrameworks/StreamingZip.framework/Versions/A/StreamingZip
0x0000000143b14000 	/Library/Java/JavaVirtualMachines/jdk1.8.0_301.jdk/Contents/Home/jre/lib/libjfxwebkit.dylib
0x000000015030f000 	/Library/Java/JavaVirtualMachines/jdk1.8.0_301.jdk/Contents/Home/jre/lib/libglib-lite.dylib
0x0000000150740000 	/Library/Java/JavaVirtualMachines/jdk1.8.0_301.jdk/Contents/Home/jre/lib/libgstreamer-lite.dylib
0x00000001379aa000 	/Library/Java/JavaVirtualMachines/jdk1.8.0_301.jdk/Contents/Home/jre/lib/libjfxmedia.dylib
0x00000001378fc000 	/Library/Java/JavaVirtualMachines/jdk1.8.0_301.jdk/Contents/Home/jre/lib/libjfxmedia_avf.dylib
0x00007ff925030000 	/System/Library/Frameworks/AVFoundation.framework/Versions/A/AVFoundation
0x00007ffa3c224000 	/System/Library/Frameworks/AVFAudio.framework/Versions/A/AVFAudio
0x00007ff832f16000 	/System/Library/PrivateFrameworks/AVFCore.framework/Versions/A/AVFCore
0x00007ff839ddd000 	/System/Library/PrivateFrameworks/AVFCapture.framework/Versions/A/AVFCapture
0x00007ff923e39000 	/System/Library/PrivateFrameworks/AirPlaySync.framework/Versions/A/AirPlaySync
0x00007ffb209a6000 	/System/Library/PrivateFrameworks/CMImaging.framework/Versions/A/CMImaging
0x00007ff839f2d000 	/System/Library/PrivateFrameworks/Quagga.framework/Versions/A/Quagga
0x00007ff839ff4000 	/System/Library/PrivateFrameworks/CMCapture.framework/Versions/A/CMCapture
0x00007ff82e0cc000 	/System/Library/Frameworks/CoreMediaIO.framework/Versions/A/CoreMediaIO
0x00007ff8352ed000 	/System/Library/PrivateFrameworks/Espresso.framework/Versions/A/Espresso
0x00007ffa2a4f4000 	/System/Library/PrivateFrameworks/ANECompiler.framework/Versions/A/ANECompiler
0x00007ff836f6a000 	/System/Library/PrivateFrameworks/AppleNeuralEngine.framework/Versions/A/AppleNeuralEngine
0x00007ffb26cb4000 	/System/Library/PrivateFrameworks/MIL.framework/Versions/A/MIL
0x00007ffa3d08a000 	/System/Library/Frameworks/MetalPerformanceShadersGraph.framework/Versions/A/MetalPerformanceShadersGraph
0x00007ff835e60000 	/System/Library/PrivateFrameworks/ANEServices.framework/Versions/A/ANEServices
0x00007ff8389d8000 	/System/Library/Frameworks/Carbon.framework/Versions/A/Frameworks/OpenScripting.framework/Versions/A/OpenScripting

VM Arguments:
java_command: Behinder.jar
java_class_path (initial): Behinder.jar
Launcher Type: SUN_STANDARD

Environment Variables:
JAVA_HOME=/Library/Java/JavaVirtualMachines/jdk1.8.0_301.jdk/Contents/Home
SHELL=/bin/zsh

Signal Handlers:
SIGSEGV: [libjvm.dylib+0x59bf91], sa_mask[0]=11111111111111111111111111111111, sa_flags=SA_ONSTACK|SA_RESTART|SA_SIGINFO
SIGBUS: [libjvm.dylib+0x59bf91], sa_mask[0]=11111111111111111111111111111111, sa_flags=SA_RESTART|SA_SIGINFO
SIGFPE: [libjvm.dylib+0x48f9b7], sa_mask[0]=11111111111111111111111111111111, sa_flags=SA_RESTART|SA_SIGINFO
SIGPIPE: [libjvm.dylib+0x48f9b7], sa_mask[0]=11111111111111111111111111111111, sa_flags=SA_RESTART|SA_SIGINFO
SIGXFSZ: [libjvm.dylib+0x48f9b7], sa_mask[0]=11111111111111111111111111111111, sa_flags=SA_RESTART|SA_SIGINFO
SIGILL: [libjvm.dylib+0x48f9b7], sa_mask[0]=11111111111111111111111111111111, sa_flags=SA_RESTART|SA_SIGINFO
SIGUSR1: SIG_DFL, sa_mask[0]=00000000000000000000000000000000, sa_flags=SA_RESTART
SIGUSR2: [libjvm.dylib+0x4902a6], sa_mask[0]=00000000000000000000000000000000, sa_flags=SA_RESTART|SA_SIGINFO
SIGHUP: [libjvm.dylib+0x48e503], sa_mask[0]=11111111111111111111111111111111, sa_flags=SA_RESTART|SA_SIGINFO
SIGINT: [libjvm.dylib+0x48e503], sa_mask[0]=11111111111111111111111111111111, sa_flags=SA_RESTART|SA_SIGINFO
SIGTERM: [libjvm.dylib+0x48e503], sa_mask[0]=11111111111111111111111111111111, sa_flags=SA_RESTART|SA_SIGINFO
SIGQUIT: [libjvm.dylib+0x48e503], sa_mask[0]=11111111111111111111111111111111, sa_flags=SA_RESTART|SA_SIGINFO


---------------  S Y S T E M  ---------------

OS:Bsduname:Darwin 21.2.0 Darwin Kernel Version 21.2.0: Sun Nov 28 20:29:10 PST 2021; root:xnu-8019.61.5~1/RELEASE_ARM64_T8101 x86_64
rlimit: STACK 8176k, CORE 0k, NPROC 1333, NOFILE 10240, AS infinity
load average:2.06 2.35 2.39

CPU:total 8 (initial active 8) (1 cores per cpu, 1 threads per core) family 6 model 44 stepping 0, cmov, cx8, fxsr, mmx, sse, sse2, sse3, ssse3, sse4.1, sse4.2, popcnt, aes, clmul, tsc, tscinvbit, tscinv

Memory: 4k page, physical 8388608k(17876k free)

/proc/meminfo:


vm_info: Java HotSpot(TM) 64-Bit Server VM (25.301-b09) for bsd-amd64 JRE (1.8.0_301-b09), built on Jun  9 2021 14:35:36 by "java_re" with gcc 4.2.1 Compatible Apple LLVM 11.0.0 (clang-1100.0.33.17)

time: Fri Jan 21 16:46:42 2022
timezone: CST
elapsed time: 1440.794238 seconds (0d 0h 24m 0s)

